Connected to 127.0.0.1 in port 2004
 My score: 
 level 1  0
 level 2  0
 level 3  0
 level 4  0
 level 5  0
 level 6  0
 level 7  0
 level 8  0
 level 9  0
 level 10  0
 level 11  0
 level 12  0
 level 13  0
 level 14  0
 level 15  0
 level 16  0
 level 17  0
 level 18  0
 level 19  0
 level 20  0
 level 21  0
Release Point: java.awt.Point[x=-750,y=535]
Release Angle: 15.732004785107305
It takes 16973 ms to take a shot
 My score: 
 level 1  50
 level 2  0
 level 3  0
 level 4  0
 level 5  0
 level 6  0
 level 7  0
 level 8  0
 level 9  0
 level 10  0
 level 11  0
 level 12  0
 level 13  0
 level 14  0
 level 15  0
 level 16  0
 level 17  0
 level 18  0
 level 19  0
 level 20  0
 level 21  0

Global best score: 
 level 1: 0 level 2: 0 level 3: 0 level 4: 0 level 5: 0 level 6: 0 level 7: 0 level 8: 0 level 9: 0 level 10: 0 level 11: 0 level 12: 0 level 13: 0 level 14: 0 level 15: 0 level 16: 0 level 17: 0 level 18: 0 level 19: 0 level 20: 0 level 21: 0
Release Point: java.awt.Point[x=-92,y=1070]
Release Angle: 72.31264051024246
Scale is changed, can not execute the shot, will re-segement the image
Release Point: java.awt.Point[x=-99,y=1002]
Release Angle: 71.22196677755446
It takes 15927 ms to take a shot

scale factor changed to: 0.9926175150025398
Release Point: java.awt.Point[x=-161,y=956]
Release Angle: 65.71417484434872
distance 3.109084283571387
velocity 1.1878534337971725
It takes 19089 ms to take a shot

scale factor changed to: 1.0353365992650163
Release Point: java.awt.Point[x=-448,y=688]
Release Angle: 35.23380225540808
distance 3.350328829264839
velocity 2.463452963874009
It takes 18081 ms to take a shot

scale factor changed to: 0.9910314967073643
Release Point: java.awt.Point[x=-230,y=840]
Release Angle: 56.9465260499837
distance 3.852699326016502
velocity 1.5693071762736646
It takes 18972 ms to take a shot

scale factor changed to: 1.0019634072546455
Release Point: java.awt.Point[x=-390,y=693]
Release Angle: 37.68154826342709
distance 3.6454660657625806
velocity 2.3032636481634547
It takes 18275 ms to take a shot

scale factor changed to: 1.0019634072546455
Release Point: java.awt.Point[x=-486,y=488]
Release Angle: 17.386108130535458
It takes 16994 ms to take a shot
 My score: 
 level 1  150
 level 2  0
 level 3  0
 level 4  0
 level 5  0
 level 6  0
 level 7  0
 level 8  0
 level 9  0
 level 10  0
 level 11  0
 level 12  0
 level 13  0
 level 14  0
 level 15  0
 level 16  0
 level 17  0
 level 18  0
 level 19  0
 level 20  0
 level 21  0

Global best score: 
 level 1: 0 level 2: 0 level 3: 0 level 4: 0 level 5: 0 level 6: 0 level 7: 0 level 8: 0 level 9: 0 level 10: 0 level 11: 0 level 12: 0 level 13: 0 level 14: 0 level 15: 0 level 16: 0 level 17: 0 level 18: 0 level 19: 0 level 20: 0 level 21: 0
Release Point: java.awt.Point[x=-487,y=462]
Release Angle: 13.67348924665999
It takes 15943 ms to take a shot

scale factor changed to: 1.005
Release Point: java.awt.Point[x=-402,y=609]
Release Angle: 28.041820152244526
distance 4.005870687171493
velocity 2.5884590023948677
It takes 19277 ms to take a shot
 My score: 
 level 1  150
 level 2  0
 level 3  0
 level 4  0
 level 5  0
 level 6  0
 level 7  0
 level 8  0
 level 9  0
 level 10  0
 level 11  0
 level 12  0
 level 13  0
 level 14  0
 level 15  0
 level 16  0
 level 17  0
 level 18  0
 level 19  0
 level 20  0
 level 21  0

Global best score: 
 level 1: 0 level 2: 0 level 3: 0 level 4: 0 level 5: 0 level 6: 0 level 7: 0 level 8: 0 level 9: 0 level 10: 0 level 11: 0 level 12: 0 level 13: 0 level 14: 0 level 15: 0 level 16: 0 level 17: 0 level 18: 0 level 19: 0 level 20: 0 level 21: 0
