 Time Limit: 120 minitues
 Level Num: 21
 Round Info: 1
AB Server waiting for chrome connection
The Chrome Server (competition agent) started on port: 9000
Load Best Scores
 level 1 : 0   level 2 : 0   level 3 : 0   level 4 : 0   level 5 : 0   level 6 : 0   level 7 : 0   level 8 : 0   level 9 : 0   level 10 : 0   level 11 : 0   level 12 : 0   level 13 : 0   level 14 : 0   level 15 : 0   level 16 : 0   level 17 : 0   level 18 : 0   level 19 : 0   level 20 : 0   level 21 : 0  Load Level Verification File: levelVerificationR_1.txt
Do not use the level selection
 waiting for agent  
 waiting for display device 
 agent connection established
 1 agents has been connected
 set connection status: Connected
 waiting for agent  
 A Chrome window is connected to the agent proxy
assign chrome window to client: org.java_websocket.WebSocketImpl@44471f33 client  28888
 Client 28888 Message: getMyScore
 Client 28888 Message: loadLevel
Client 28888 Load Level: 4
Go to the Episode Menu
Load Scene
Level Select
 Client 28888 Message: doScreenShot
 Client 28888 Message: getState
 Client 28888 Message: fullyZoomIn
 Client 28888 Message: doScreenShot
 Client 28888 Message: fullyZoomOut
 Client 28888 Message: fullyZoomOut
 Client 28888 Message: doScreenShot
 Client 28888 Message: cshoot
 add shot
Shoot from: (-1041  544 ) at time  0
LOG: Shot Done by 28888 Agent::Shoot
 wait 15 seconds to record the score...
score: 50
score: 50
score: 50
LOG: Update: Level Solved:  Team 28888 level 1 score:50  total score: 50
 Client 28888 Message: getState
 Client 28888 Message: getMyScore
 Client 28888 Message: loadLevel
Client 28888 Load Level: 5
score: 50
score: 50
score: 50
Level Select
 Client 28888 Message: getBestScores
 Client 28888 Message: doScreenShot
 Client 28888 Message: getState
 Client 28888 Message: fullyZoomIn
 Client 28888 Message: doScreenShot
 Client 28888 Message: fullyZoomOut
 Client 28888 Message: fullyZoomOut
 Client 28888 Message: doScreenShot
 Client 28888 Message: cshoot
 add shot
Shoot from: (-1046  520 ) at time  0
LOG: Shot Done by 28888 Agent::Shoot
 wait 15 seconds to record the score...
A Chrome window is disconnected from the agent proxy
