Unity Player [version: Unity 5.5.2f1_3829d7f588f3]

ScienceBirds.exe caused an Access Violation (0xc0000005)
  in module ScienceBirds.exe at 0023:014a5290.

Error occurred at 2019-07-31_153446.
C:\Users\Patrick\Projects\AI-Birds-LeveGANerator\game\Science-Birds-Windows\ScienceBirds.exe, run by Patrick.
67% memory in use.
0 MB physical memory [0 MB free].
0 MB paging file [2121 MB free].
0 MB user address space [71 MB free].
Write to location 00000000 caused an access violation.

Context:
EDI:    0x00000000  ESI: 0xffbd8040  EAX:   0x00000000
EBX:    0x03ec5fc0  ECX: 0x0000007c  EDX:   0x00004150
EIP:    0x014a5290  EBP: 0x008ff888  SegCs: 0x00000023
EFlags: 0x00210207  ESP: 0x008ff87c  SegSs: 0x0000002b

Bytes at CS:EIP:
66 0f 7f 07 66 0f 7f 4f 10 66 0f 7f 57 20 66 0f 

Stack:
0x008ff87c: 00000000 03ec5f90 044b65f0 008ff8a8 ....._...eK.....
0x008ff88c: 00e2087b 00000000 ffbd8040 0020a87c {.......@...|. .
0x008ff89c: 044b65f0 044b65f0 00000348 008ff8c8 .eK..eK.H.......
0x008ff8ac: 00e20b7b ffbd8040 044b65f0 00000348 {...@....eK.H...
0x008ff8bc: 000001de 00e20bc1 044b65f0 008ff918 .........eK.....
0x008ff8cc: 00e21016 008ff904 00000000 00000000 ................
0x008ff8dc: 1e4e0428 05dd0900 05691c10 00000000 (.N.......i.....
0x008ff8ec: 04a10f80 03ec0b30 00000727 00000348 ....0...'...H...
0x008ff8fc: 0020a878 ffbd8040 00000000 00000000 x. .@...........
0x008ff90c: 00000000 00000000 00000000 008ff948 ............H...
0x008ff91c: 00ffaca9 00000000 00000000 00000000 ................
0x008ff92c: 00000348 000001de 00000000 00000000 H...............
0x008ff93c: 05dd0900 00000001 19848540 008ff998 ........@.......
0x008ff94c: 057044cd 05dd0900 008ff9d4 00000000 .Dp.............
0x008ff95c: 00000000 00000001 00000000 00000000 ................
0x008ff96c: 1010ac5a 008ff998 00cd18d8 00cd1880 Z...............
0x008ff97c: 19848540 057044a9 05691c10 1e4e0428 @....Dp...i.(.N.
0x008ff98c: 19848540 008ff998 0570449c 008ff9c8 @........Dp.....
0x008ff99c: 05704480 05dd0900 008ff9d4 00000000 .Dp.............
0x008ff9ac: 00000000 00000001 00000000 00fe4c05 .............L..
0x008ff9bc: 05690c79 008ff9e8 1e4e0428 008ffa88 y.i.....(.N.....
0x008ff9cc: 057041dd 05dd0900 00000000 00000000 .Ap.............
0x008ff9dc: 44520000 43ef0000 00000000 00000000 ..RD...C........
0x008ff9ec: 00000001 00000000 000001de 00000348 ............H...
0x008ff9fc: 05dd0900 00000000 408a4000 00000000 .........@.@....
0x008ffa0c: 00000000 00000000 00000000 1005d843 ............C...
0x008ffa1c: 05dd0900 008ffa84 00000000 008ffa40 ............@...
0x008ffa2c: 00f7f41e 185ee9f8 00000000 008ffae4 ......^.........
0x008ffa3c: 00000001 00000000 00000000 00000000 ................
0x008ffa4c: 00000000 00000000 00000000 44520000 ..............RD
0x008ffa5c: 43ef0000 00000000 00000000 44520000 ...C..........RD
0x008ffa6c: 43ef0000 012e967b 008ffcf0 04285d30 ...C{.......0](.
0x008ffa7c: 04285a80 00000000 008ffcb8 008ffab8 .Z(.............
0x008ffa8c: 05691bb7 1e4e0428 0069e918 008ffabc ..i.(.N...i.....
0x008ffa9c: 00f33ce4 0069e918 00000000 008ffc9f .<....i.........
0x008ffaac: 008ffc9f 00000000 008ffc9f 008ffb04 ................
0x008ffabc: 05691c5c 1e4e0428 008ffc9f 0430da6c \.i.(.N.....l.0.
0x008ffacc: 042c3fa0 00000000 008ffaec 10001e35 .?,.........5...
0x008ffadc: 052c4898 052c4898 052c4898 00000000 .H,..H,..H,.....
0x008ffaec: 00000000 10001ddd 051e03d8 052c4898 .............H,.
0x008ffafc: 052c4898 19848540 008ffb34 100f172a .H,.@...4...*...
0x008ffb0c: 00000000 008ffc0c 008ffcb8 05691b70 ............p.i.
0x008ffb1c: 00010000 03e6c8d0 052c4898 008ffbb8 .........H,.....
0x008ffb2c: 03cc4e70 01d23588 008ffb58 1005d839 pN...5..X...9...
0x008ffb3c: 052c4898 00000000 008ffc0c 008ffcb8 .H,.............
0x008ffb4c: 008ffcb8 008ffbac 03e6c8d0 008ffb70 ............p...
0x008ffb5c: 00f7f41e 052c4898 00000000 008ffc0c .....H,.........
0x008ffb6c: 008ffcb8 008ffb98 00fa6caa 052c4898 .........l...H,.
0x008ffb7c: 008ff800 00000000 008ffbac 008ffcb8 ................
0x008ffb8c: 00000000 00000001 008ffcb8 008ffca0 ................
0x008ffb9c: 00f9be4d 008ffcb8 00000000 03e6c8d0 M...............
0x008ffbac: 00000001 00000000 008ffc9f 00e17146 ............Fq..
0x008ffbbc: 008ffbcc ffffffff 008ffc7c 03d7bd50 ........|...P...
0x008ffbcc: 000030b1 ffffffff 008ffc04 0127f0de .0............'.
0x008ffbdc: 008ffbe8 0127f0fd 04a10f80 008ffc7c ......'.....|...
0x008ffbec: 042869b0 04a10f80 008ffc7c 04a10f80 .i(.....|.......
0x008ffbfc: 00000001 008ffc5c 00e145be 00000000 ....\....E......
0x008ffc0c: 1e4e0428 008ffbb4 00000000 00000000 (.N.............
0x008ffc1c: 00000000 00000000 00000000 00000000 ................
0x008ffc2c: 00000000 00000000 00000000 00000000 ................
0x008ffc3c: 00000005 0000000a 000001de 03d85a10 .............Z..
0x008ffc4c: 00000001 00000000 04a10f80 01d77ed0 .............~..
0x008ffc5c: 008ffcd0 00e14981 00000000 008ffd10 .....I..........
0x008ffc6c: 00000002 03d98160 052c4898 008ff800 ....`....H,.....
0x008ffc7c: 00000000 00000000 0000073e 184b5230 ........>...0RK.
0x008ffc8c: 19b0e030 19b0e001 00000101 00000000 0...............
0x008ffc9c: 00da23d8 008ffcc0 00f9c053 008ffcb8 .#......S.......
0x008ffcac: 03da23d8 00f9bed0 03e6c8d0 00000000 .#..............
0x008ffcbc: 04b74c78 008ffccc 00f9c118 00000000 xL..............
0x008ffccc: 008ffd3c 00dcbfe7 047a7610 03e6c8d0 <........vz.....
0x008ffcdc: 765169d0 76518030 00000004 03d77ed0 .iQv0.Qv.....~..
0x008ffcec: 249edb38 249f1260 03d77ed0 249f1260 8..$`..$.~..`..$
0x008ffcfc: 249f1260 03d98160 008ffd28 693f0f1a `..$`...(.....?i
0x008ffd0c: 4094e031 00000000 00000000 ffffffff 1..@............
0x008ffd1c: 00000000 00000000 04b75968 00126481 ........hY...d..
0x008ffd2c: 00f9c0e0 047a7610 03e6c8d0 03da23b0 .....vz......#..
0x008ffd3c: 008ffd7c 00ec20d9 00000020 00ec3af2 |.... .. ....:..
0x008ffd4c: 013c8ade 013c8c99 00000000 00000001 ..<...<.........
0x008ffd5c: 001108c6 000000ff 00000001 04fe03e5 ................
0x008ffd6c: 04e42c65 0000015f 00000000 00000a74 e,.._.......t...
0x008ffd7c: 008ffeb4 013cb3b7 014a344b 00000000 ......<.K4J.....
0x008ffd8c: 00641000 03d93c00 00c0003f 000003ff ..d..<..?.......
0x008ffd9c: 00000000 00000066 0000006f 00001fff ....f...o.......
0x008ffdac: 03d93b90 7fffffff 008ffde4 014c1d07 .;............L.
0x008ffdbc: 0000006b 0000006f 0000000f 0000000f k...o...........
0x008ffdcc: 7fffffff 00000000 01d34b60 03d52148 ........`K..H!..
0x008ffddc: 0000000f 008ffe00 008ffe14 014bf653 ............S.K.
0x008ffdec: 03d53598 01ca7040 0000000f 008ffe04 .5..@p..........
0x008ffdfc: 7fffffff 03d93e30 01d34b60 03d52148 ....0>..`K..H!..
0x008ffe0c: 03d505b8 0000006c 0000006f 014b09f9 ....l...o.....K.
0x008ffe1c: 03d8fd30 01ca7040 0000000f 00000000 0...@p..........
0x008ffe2c: 0000005d 0000005f 008ffd70 616e614d ]..._...p...Mana
0x008ffe3c: 00646567 6c65746e 00000000 00000007 ged.ntel........
0x008ffe4c: 0000000f 01ca7040 03d77b50 03d77b88 ....@p..P{...{..
0x008ffe5c: 03d77b88 00000016 0225cec0 65646900 .{........%..ide
0x008ffe6c: 646e6957 6c00776f 008f006c 00000000 Window.ll.......
0x008ffe7c: 0000000f 00000000 00000000 65726100 .............are
0x008ffe8c: 5748746e 0100444e 00b69f85 00000000 ntHWND..........
0x008ffe9c: 0000000f 00000000 0225cec0 0225cf00 ..........%...%.
0x008ffeac: 00000000 00100801 008ffecc 0146ab38 ............8.F.
0x008ffebc: 00d10000 00000000 00b69f87 00000001 ................
0x008ffecc: 008fff5c 014a33f8 00d10000 00000000 \....3J.........
0x008ffedc: 00b69f87 00000001 6a21585b 014a344b ........[X!jK4J.
0x008ffeec: 014a344b 00641000 00000044 00b611f8 K4J...d.D.......
0x008ffefc: 00b611d8 00b6111e 00000000 00000000 ................
0x008fff0c: 00000000 00000000 00000000 00000000 ................
0x008fff1c: 00000000 00000401 00000001 00000000 ................
0x008fff2c: 00000000 00010001 00000000 c0000005 ................
0x008fff3c: 014a344b 00000000 008ffee4 008ff22c K4J.........,...
0x008fff4c: 008fffb8 014a4d50 6b7ffd7f 00000000 ....PMJ....k....
0x008fff5c: 008fff6c 76dd0419 00641000 76dd0400 l......v..d....v
0x008fff6c: 008fffc8 7728662d 00641000 89691a59 ....-f(w..d.Y.i.
0x008fff7c: 00000000 00000000 00641000 c0000005 ..........d.....
0x008fff8c: 76b9a5a0 ead3aca0 ead3aca0 00000000 ...v............
0x008fff9c: 00000000 008ff20c 76b9a5a0 9c6a0900 ...........v..j.
0x008fffac: 00000000 008fff78 008ff20c 008fffd0 ....x...........
0x008fffbc: 772986d0 fed47701 00000000 008fffd8 ..)w.w..........
0x008fffcc: 772865fd ffffffff 772a51b7 00000000 .e(w.....Q*w....
0x008fffdc: 00000000 014a344b 00641000 00000000 ....K4J...d.....
0x008fffec: 00000000 00000000 00000000 00000000 ................
0x008ffffc: 00000000                            ....

Module 1
C:\Windows\SYSTEM32\xinput1_3.dll
Image Base: 0x00400000  Image Size: 0x00016000
File Size:  81768       File Time:  2007-04-04_195342
Version:
   Company:    Microsoft Corporation
   Product:    Microsoft® DirectX for Windows®
   FileDesc:   Microsoft Common Controller API
   FileVer:    9.18.944.0
   ProdVer:    9.18.944.0

Module 2
C:\Users\Patrick\Projects\AI-Birds-LeveGANerator\game\Science-Birds-Windows\ScienceBirds.exe
Image Base: 0x00d10000  Image Size: 0x01233000
File Size:  18218496    File Time:  2019-07-23_232602
Version:
   Company:    
   Product:    
   FileDesc:   
   FileVer:    5.5.2.10711
   ProdVer:    5.5.2.10711

Module 3
C:\Program Files (x86)\AutoSizer\AutoSizer.dll
Image Base: 0x10000000  Image Size: 0x00016000
File Size:  86016       File Time:  2019-07-24_182442
Version:
   Company:    
   Product:    AutoSizer Dynamic Link Library
   FileDesc:   AutoSizer Dynamic Link Library
   FileVer:    1.7.1.0
   ProdVer:    1.7.1.0

Module 4
C:\Users\Patrick\Projects\AI-Birds-LeveGANerator\game\Science-Birds-Windows\ScienceBirds_Data\Mono\mono.dll
Image Base: 0x10000000  Image Size: 0x00231000
File Size:  2115008     File Time:  2019-07-23_232602
Version:
   Company:    Unity Technologies
   Product:    libmono
   FileDesc:   Unity Technologies fork of mono runtime
   FileVer:    1.0.0.1
   ProdVer:    1.0.0.1

Module 5
C:\Windows\SYSTEM32\dbghelp.dll
Image Base: 0x21400000  Image Size: 0x0018f000
File Size:  1522176     File Time:  2018-09-15_092910
Version:
   Company:    Microsoft Corporation
   Product:    Microsoft® Windows® Operating System
   FileDesc:   Windows Image Helper
   FileVer:    10.0.17763.1
   ProdVer:    10.0.17763.1

Module 6
C:\Windows\System32\DriverStore\FileRepository\igdlh64.inf_amd64_24de78387e6208e4\igd9dxva32.dll
Image Base: 0x61350000  Image Size: 0x03346000
File Size:  54530080    File Time:  2018-11-21_195552
Version:
   Company:    Intel Corporation
   Product:    Intel HD Graphics Drivers for Windows(R)
   FileDesc:   User Mode Driver for Intel(R) Graphics Technology
   FileVer:    25.20.100.6373
   ProdVer:    25.20.100.6373

Module 7
C:\Windows\SYSTEM32\resourcepolicyclient.dll
Image Base: 0x64e90000  Image Size: 0x0000e000
File Size:  49560       File Time:  2018-09-15_092904
Version:
   Company:    Microsoft Corporation
   Product:    Microsoft® Windows® Operating System
   FileDesc:   Resource Policy Client
   FileVer:    10.0.17763.1
   ProdVer:    10.0.17763.1

Module 8
C:\Windows\SYSTEM32\midimap.dll
Image Base: 0x64ea0000  Image Size: 0x00008000
File Size:  18944       File Time:  2018-09-15_092902
Version:
   Company:    Microsoft Corporation
   Product:    Microsoft® Windows® Operating System
   FileDesc:   Microsoft MIDI Mapper
   FileVer:    10.0.17763.1
   ProdVer:    10.0.17763.1

Module 9
C:\Windows\SYSTEM32\MSACM32.dll
Image Base: 0x64eb0000  Image Size: 0x00019000
File Size:  93984       File Time:  2018-09-15_092902
Version:
   Company:    Microsoft Corporation
   Product:    Microsoft® Windows® Operating System
   FileDesc:   Microsoft ACM Audio Filter
   FileVer:    10.0.17763.1
   ProdVer:    10.0.17763.1

Module 10
C:\Windows\SYSTEM32\AUDIOSES.DLL
Image Base: 0x64ed0000  Image Size: 0x00110000
File Size:  1098128     File Time:  2019-03-15_134752
Version:
   Company:    Microsoft Corporation
   Product:    Microsoft® Windows® Operating System
   FileDesc:   Audio Session
   FileVer:    10.0.17763.348
   ProdVer:    10.0.17763.348

Module 11
C:\Windows\SYSTEM32\wdmaud.drv
Image Base: 0x64fe0000  Image Size: 0x0003a000
File Size:  215040      File Time:  2018-09-15_092902
Version:
   Company:    Microsoft Corporation
   Product:    Microsoft® Windows® Operating System
   FileDesc:   Winmm  audio system driver
   FileVer:    10.0.17763.1
   ProdVer:    10.0.17763.1

Module 12
C:\Windows\System32\MMDevApi.dll
Image Base: 0x65020000  Image Size: 0x0005e000
File Size:  366736      File Time:  2018-09-15_092902
Version:
   Company:    Microsoft Corporation
   Product:    Microsoft® Windows® Operating System
   FileDesc:   MMDevice API
   FileVer:    10.0.17763.1
   ProdVer:    10.0.17763.1

Module 13
C:\Windows\System32\DriverStore\FileRepository\igdlh64.inf_amd64_24de78387e6208e4\igc32.dll
Image Base: 0x65080000  Image Size: 0x01bdf000
File Size:  29562840    File Time:  2018-11-21_195536
Version:
   Company:    Intel Corporation
   Product:    Intel HD Graphics Drivers for Windows(R)
   FileDesc:   Intel Graphics Shader Compiler for Intel(R) Graphics Accelerator
   FileVer:    25.20.100.6373
   ProdVer:    25.20.100.6373

Module 14
C:\Windows\System32\DriverStore\FileRepository\igdlh64.inf_amd64_24de78387e6208e4\igdumdim32.dll
Image Base: 0x66c60000  Image Size: 0x00222000
File Size:  2216816     File Time:  2018-11-21_195602
Version:
   Company:    Intel Corporation
   Product:    Intel HD Graphics Drivers for Windows(R)
   FileDesc:   User Mode Driver for Intel(R) Graphics Technology
   FileVer:    25.20.100.6373
   ProdVer:    25.20.100.6373

Module 15
C:\Windows\system32\nvspcap.dll
Image Base: 0x66e90000  Image Size: 0x00215000
File Size:  2164080     File Time:  2019-06-18_105958
Version:
   Company:    NVIDIA Corporation
   Product:    NVIDIA GeForce Experience
   FileDesc:   NVIDIA Game Proxy
   FileVer:    3.19.0.107
   ProdVer:    3.19.0.107

Module 16
C:\Windows\System32\DriverStore\FileRepository\nvivui.inf_amd64_9cf02dfb7ac166c1\nvd3dum.dll
Image Base: 0x670b0000  Image Size: 0x0105d000
File Size:  17358032    File Time:  2019-04-11_223206
Version:
   Company:    NVIDIA Corporation
   Product:    NVIDIA Windows WDDM D3D driver
   FileDesc:   NVIDIA WDDM D3D Driver, Version 425.25 
   FileVer:    25.21.14.2525
   ProdVer:    25.21.14.2525

Module 17
C:\Windows\SYSTEM32\msacm32.drv
Image Base: 0x681a0000  Image Size: 0x0000a000
File Size:  23552       File Time:  2018-09-15_092902
Version:
   Company:    Microsoft Corporation
   Product:    Microsoft® Windows® Operating System
   FileDesc:   Microsoft Sound Mapper
   FileVer:    10.0.17763.1
   ProdVer:    10.0.17763.1

Module 18
C:\Windows\SYSTEM32\AVRT.dll
Image Base: 0x681b0000  Image Size: 0x00008000
File Size:  27328       File Time:  2018-09-15_092902
Version:
   Company:    Microsoft Corporation
   Product:    Microsoft® Windows® Operating System
   FileDesc:   Multimedia Realtime Runtime
   FileVer:    10.0.17763.1
   ProdVer:    10.0.17763.1

Module 19
C:\Windows\SYSTEM32\ksuser.dll
Image Base: 0x681c0000  Image Size: 0x00007000
File Size:  20120       File Time:  2018-09-15_092902
Version:
   Company:    Microsoft Corporation
   Product:    Microsoft® Windows® Operating System
   FileDesc:   User CSA Library
   FileVer:    10.0.17763.1
   ProdVer:    10.0.17763.1

Module 20
C:\Windows\System32\DriverStore\FileRepository\igdlh64.inf_amd64_24de78387e6208e4\igdinfo32.dll
Image Base: 0x681d0000  Image Size: 0x0001c000
File Size:  113880      File Time:  2018-11-21_195558
Version:
   Company:    
   Product:    
   FileDesc:   
   FileVer:    0.0.0.0
   ProdVer:    0.0.0.0

Module 21
C:\Windows\System32\DriverStore\FileRepository\nvivui.inf_amd64_9cf02dfb7ac166c1\nvldumd.dll
Image Base: 0x681f0000  Image Size: 0x000c6000
File Size:  799408      File Time:  2019-04-11_223250
Version:
   Company:    NVIDIA Corporation
   Product:    NVIDIA driver loader
   FileDesc:   NVIDIA Driver Loader, Version 425.25 
   FileVer:    25.21.14.2525
   ProdVer:    25.21.14.2525

Module 22
C:\Windows\SYSTEM32\GLU32.dll
Image Base: 0x682c0000  Image Size: 0x0003f000
File Size:  244736      File Time:  2018-09-15_092932
Version:
   Company:    Microsoft Corporation
   Product:    Microsoft® Windows® Operating System
   FileDesc:   OpenGL Utility Library DLL
   FileVer:    10.0.17763.1
   ProdVer:    10.0.17763.1

Module 23
C:\Windows\SYSTEM32\OPENGL32.dll
Image Base: 0x68300000  Image Size: 0x000d9000
File Size:  755200      File Time:  2018-09-15_092932
Version:
   Company:    Microsoft Corporation
   Product:    Microsoft® Windows® Operating System
   FileDesc:   OpenGL Client DLL
   FileVer:    10.0.17763.1
   ProdVer:    10.0.17763.1

Module 24
C:\Windows\SYSTEM32\TextInputFramework.dll
Image Base: 0x6aae0000  Image Size: 0x00086000
File Size:  542504      File Time:  2018-09-15_092906
Version:
   Company:    Microsoft Corporation
   Product:    Microsoft® Windows® Operating System
   FileDesc:   "TextInputFramework.DYNLINK"
   FileVer:    10.0.17763.1
   ProdVer:    10.0.17763.1

Module 25
C:\Windows\SYSTEM32\CoreUIComponents.dll
Image Base: 0x6b6a0000  Image Size: 0x0026a000
File Size:  2538768     File Time:  2018-09-15_092904
Version:
   Company:    Microsoft Corporation
   Product:    Microsoft® Windows® Operating System
   FileDesc:   Microsoft Core UI Components Dll
   FileVer:    10.0.17763.1
   ProdVer:    10.0.17763.1

Module 26
C:\Windows\SYSTEM32\wintypes.dll
Image Base: 0x6b910000  Image Size: 0x000db000
File Size:  902248      File Time:  2018-09-15_092910
Version:
   Company:    Microsoft Corporation
   Product:    Microsoft® Windows® Operating System
   FileDesc:   Windows Base Types DLL
   FileVer:    10.0.17763.1
   ProdVer:    10.0.17763.1

Module 27
C:\Windows\SYSTEM32\CoreMessaging.dll
Image Base: 0x6b9f0000  Image Size: 0x0008f000
File Size:  582240      File Time:  2019-03-15_134716
Version:
   Company:    Microsoft Corporation
   Product:    Microsoft® Windows® Operating System
   FileDesc:   Microsoft CoreMessaging Dll
   FileVer:    10.0.17763.194
   ProdVer:    10.0.17763.194

Module 28
C:\Windows\SYSTEM32\HID.DLL
Image Base: 0x6d770000  Image Size: 0x0000b000
File Size:  28160       File Time:  2018-09-15_092910
Version:
   Company:    Microsoft Corporation
   Product:    Microsoft® Windows® Operating System
   FileDesc:   Hid User Library
   FileVer:    10.0.17763.1
   ProdVer:    10.0.17763.1

Module 29
C:\Windows\SYSTEM32\cryptnet.dll
Image Base: 0x6e030000  Image Size: 0x00026000
File Size:  135680      File Time:  2018-09-15_092910
Version:
   Company:    Microsoft Corporation
   Product:    Microsoft® Windows® Operating System
   FileDesc:   Crypto Network Related API
   FileVer:    10.0.17763.1
   ProdVer:    10.0.17763.1

Module 30
C:\Windows\SYSTEM32\d3d9.dll
Image Base: 0x6f590000  Image Size: 0x00171000
File Size:  1495248     File Time:  2018-09-15_092910
Version:
   Company:    Microsoft Corporation
   Product:    Microsoft® Windows® Operating System
   FileDesc:   Direct3D 9 Runtime
   FileVer:    10.0.17763.1
   ProdVer:    10.0.17763.1

Module 31
C:\Windows\SYSTEM32\WINHTTP.dll
Image Base: 0x6fd20000  Image Size: 0x000bd000
File Size:  766480      File Time:  2019-04-12_182312
Version:
   Company:    Microsoft Corporation
   Product:    Microsoft® Windows® Operating System
   FileDesc:   Windows HTTP Services
   FileVer:    10.0.17763.404
   ProdVer:    10.0.17763.404

Module 32
C:\Windows\system32\wbem\fastprox.dll
Image Base: 0x70110000  Image Size: 0x000c5000
File Size:  787456      File Time:  2018-09-15_092902
Version:
   Company:    Microsoft Corporation
   Product:    Microsoft® Windows® Operating System
   FileDesc:   WMI Custom Marshaller
   FileVer:    10.0.17763.1
   ProdVer:    10.0.17763.1

Module 33
C:\Windows\system32\wbem\wbemsvc.dll
Image Base: 0x701e0000  Image Size: 0x00010000
File Size:  48640       File Time:  2018-09-15_092904
Version:
   Company:    Microsoft Corporation
   Product:    Microsoft® Windows® Operating System
   FileDesc:   WMI
   FileVer:    10.0.17763.1
   ProdVer:    10.0.17763.1

Module 34
C:\Windows\SYSTEM32\wbemcomn.dll
Image Base: 0x701f0000  Image Size: 0x0006a000
File Size:  406016      File Time:  2018-09-15_092904
Version:
   Company:    Microsoft Corporation
   Product:    Microsoft® Windows® Operating System
   FileDesc:   WMI
   FileVer:    10.0.17763.1
   ProdVer:    10.0.17763.1

Module 35
C:\Windows\system32\wbem\wbemprox.dll
Image Base: 0x70260000  Image Size: 0x0000d000
File Size:  36864       File Time:  2018-09-15_092904
Version:
   Company:    Microsoft Corporation
   Product:    Microsoft® Windows® Operating System
   FileDesc:   WMI
   FileVer:    10.0.17763.1
   ProdVer:    10.0.17763.1

Module 36
C:\Windows\SYSTEM32\dhcpcsvc6.DLL
Image Base: 0x70270000  Image Size: 0x00013000
File Size:  58368       File Time:  2018-09-15_092910
Version:
   Company:    Microsoft Corporation
   Product:    Microsoft® Windows® Operating System
   FileDesc:   DHCPv6 Client
   FileVer:    10.0.17763.1
   ProdVer:    10.0.17763.1

Module 37
C:\Windows\SYSTEM32\dhcpcsvc.DLL
Image Base: 0x70290000  Image Size: 0x00014000
File Size:  69120       File Time:  2018-09-15_092910
Version:
   Company:    Microsoft Corporation
   Product:    Microsoft® Windows® Operating System
   FileDesc:   DHCP Client Service
   FileVer:    10.0.17763.1
   ProdVer:    10.0.17763.1

Module 38
C:\Windows\SYSTEM32\gpapi.dll
Image Base: 0x702b0000  Image Size: 0x0001e000
File Size:  111024      File Time:  2018-09-15_092908
Version:
   Company:    Microsoft Corporation
   Product:    Microsoft® Windows® Operating System
   FileDesc:   Group Policy Client API
   FileVer:    10.0.17763.1
   ProdVer:    10.0.17763.1

Module 39
C:\Windows\SYSTEM32\ntmarta.dll
Image Base: 0x702d0000  Image Size: 0x00029000
File Size:  153408      File Time:  2018-09-15_092908
Version:
   Company:    Microsoft Corporation
   Product:    Microsoft® Windows® Operating System
   FileDesc:   Windows NT MARTA provider
   FileVer:    10.0.17763.1
   ProdVer:    10.0.17763.1

Module 40
C:\Windows\System32\DEVOBJ.dll
Image Base: 0x70320000  Image Size: 0x00023000
File Size:  135304      File Time:  2018-09-15_092910
Version:
   Company:    Microsoft Corporation
   Product:    Microsoft® Windows® Operating System
   FileDesc:   Device Information Set DLL
   FileVer:    10.0.17763.1
   ProdVer:    10.0.17763.1

Module 41
C:\Windows\System32\fwpuclnt.dll
Image Base: 0x70460000  Image Size: 0x00051000
File Size:  313856      File Time:  2018-09-15_092906
Version:
   Company:    Microsoft Corporation
   Product:    Microsoft® Windows® Operating System
   FileDesc:   FWP/IPsec User-Mode API
   FileVer:    10.0.17763.1
   ProdVer:    10.0.17763.1

Module 42
C:\Windows\System32\rasadhlp.dll
Image Base: 0x704c0000  Image Size: 0x00008000
File Size:  12800       File Time:  2018-09-15_092914
Version:
   Company:    Microsoft Corporation
   Product:    Microsoft® Windows® Operating System
   FileDesc:   Remote Access AutoDial Helper
   FileVer:    10.0.17763.1
   ProdVer:    10.0.17763.1

Module 43
C:\Windows\System32\PROPSYS.dll
Image Base: 0x70fb0000  Image Size: 0x0017e000
File Size:  1572176     File Time:  2019-03-15_134756
Version:
   Company:    Microsoft Corporation
   Product:    Windows® Search
   FileDesc:   Microsoft Property System
   FileVer:    7.0.17763.348
   ProdVer:    7.0.17763.348

Module 44
C:\Windows\SYSTEM32\MSWSOCK.dll
Image Base: 0x72500000  Image Size: 0x00052000
File Size:  324408      File Time:  2019-03-15_134724
Version:
   Company:    Microsoft Corporation
   Product:    Microsoft® Windows® Operating System
   FileDesc:   Microsoft Windows Sockets 2.0 Service Provider
   FileVer:    10.0.17763.292
   ProdVer:    10.0.17763.292

Module 45
C:\Windows\system32\rsaenh.dll
Image Base: 0x72d50000  Image Size: 0x0002f000
File Size:  185608      File Time:  2018-09-15_092908
Version:
   Company:    Microsoft Corporation
   Product:    Microsoft® Windows® Operating System
   FileDesc:   Microsoft Enhanced Cryptographic Provider
   FileVer:    10.0.17763.1
   ProdVer:    10.0.17763.1

Module 46
C:\Windows\system32\dwmapi.dll
Image Base: 0x72d80000  Image Size: 0x00026000
File Size:  140288      File Time:  2018-09-15_092908
Version:
   Company:    Microsoft Corporation
   Product:    Microsoft® Windows® Operating System
   FileDesc:   Microsoft Desktop Window Manager API
   FileVer:    10.0.17763.1
   ProdVer:    10.0.17763.1

Module 47
C:\Windows\system32\uxtheme.dll
Image Base: 0x72db0000  Image Size: 0x0007b000
File Size:  481280      File Time:  2018-09-15_092904
Version:
   Company:    Microsoft Corporation
   Product:    Microsoft® Windows® Operating System
   FileDesc:   Microsoft UxTheme Library
   FileVer:    10.0.17763.1
   ProdVer:    10.0.17763.1

Module 48
C:\Windows\SYSTEM32\winmmbase.dll
Image Base: 0x72e30000  Image Size: 0x00023000
File Size:  132392      File Time:  2018-09-15_092902
Version:
   Company:    Microsoft Corporation
   Product:    Microsoft® Windows® Operating System
   FileDesc:   Base Multimedia Extension API DLL
   FileVer:    10.0.17763.1
   ProdVer:    10.0.17763.1

Module 49
C:\Windows\SYSTEM32\DNSAPI.dll
Image Base: 0x72e80000  Image Size: 0x00090000
File Size:  580024      File Time:  2019-04-12_182312
Version:
   Company:    Microsoft Corporation
   Product:    Microsoft® Windows® Operating System
   FileDesc:   DNS Client API DLL
   FileVer:    10.0.17763.404
   ProdVer:    10.0.17763.404

Module 50
C:\Windows\SYSTEM32\IPHLPAPI.DLL
Image Base: 0x72f10000  Image Size: 0x00033000
File Size:  197832      File Time:  2018-09-15_092910
Version:
   Company:    Microsoft Corporation
   Product:    Microsoft® Windows® Operating System
   FileDesc:   IP Helper API
   FileVer:    10.0.17763.1
   ProdVer:    10.0.17763.1

Module 51
C:\Windows\SYSTEM32\VERSION.dll
Image Base: 0x730e0000  Image Size: 0x00008000
File Size:  27328       File Time:  2018-09-15_092914
Version:
   Company:    Microsoft Corporation
   Product:    Microsoft® Windows® Operating System
   FileDesc:   Version Checking and File Installation Libraries
   FileVer:    10.0.17763.1
   ProdVer:    10.0.17763.1

Module 52
C:\Windows\SYSTEM32\WINMM.dll
Image Base: 0x73b80000  Image Size: 0x00024000
File Size:  134512      File Time:  2018-09-15_092902
Version:
   Company:    Microsoft Corporation
   Product:    Microsoft® Windows® Operating System
   FileDesc:   MCI API DLL
   FileVer:    10.0.17763.1
   ProdVer:    10.0.17763.1

Module 53
C:\Windows\System32\CRYPTBASE.dll
Image Base: 0x74880000  Image Size: 0x0000a000
File Size:  31728       File Time:  2018-09-15_092902
Version:
   Company:    Microsoft Corporation
   Product:    Microsoft® Windows® Operating System
   FileDesc:   Base cryptographic API DLL
   FileVer:    10.0.17763.1
   ProdVer:    10.0.17763.1

Module 54
C:\Windows\System32\SspiCli.dll
Image Base: 0x74890000  Image Size: 0x00020000
File Size:  122400      File Time:  2018-09-15_092902
Version:
   Company:    Microsoft Corporation
   Product:    Microsoft® Windows® Operating System
   FileDesc:   Security Support Provider Interface
   FileVer:    10.0.17763.1
   ProdVer:    10.0.17763.1

Module 55
C:\Windows\System32\OLEAUT32.dll
Image Base: 0x748b0000  Image Size: 0x00096000
File Size:  604008      File Time:  2019-04-12_182312
Version:
   Company:    Microsoft Corporation
   Product:    Microsoft® Windows® Operating System
   FileDesc:   OLEAUT32.DLL
   FileVer:    10.0.17763.437
   ProdVer:    10.0.17763.437

Module 56
C:\Windows\System32\CRYPT32.dll
Image Base: 0x74950000  Image Size: 0x00199000
File Size:  1668784     File Time:  2018-09-15_092908
Version:
   Company:    Microsoft Corporation
   Product:    Microsoft® Windows® Operating System
   FileDesc:   Crypto API32
   FileVer:    10.0.17763.1
   ProdVer:    10.0.17763.1

Module 57
C:\Windows\System32\advapi32.dll
Image Base: 0x74af0000  Image Size: 0x0007e000
File Size:  507400      File Time:  2018-09-15_092900
Version:
   Company:    Microsoft Corporation
   Product:    Microsoft® Windows® Operating System
   FileDesc:   Advanced Windows 32 Base API
   FileVer:    10.0.17763.1
   ProdVer:    10.0.17763.1

Module 58
C:\Windows\System32\shcore.dll
Image Base: 0x74c00000  Image Size: 0x00089000
File Size:  555440      File Time:  2018-09-15_092908
Version:
   Company:    Microsoft Corporation
   Product:    Microsoft® Windows® Operating System
   FileDesc:   SHCORE
   FileVer:    10.0.17763.1
   ProdVer:    10.0.17763.1

Module 59
C:\Windows\System32\SHLWAPI.dll
Image Base: 0x74cf0000  Image Size: 0x00044000
File Size:  274224      File Time:  2018-09-15_092914
Version:
   Company:    Microsoft Corporation
   Product:    Microsoft® Windows® Operating System
   FileDesc:   Shell Light-weight Utility Library
   FileVer:    10.0.17763.1
   ProdVer:    10.0.17763.1

Module 60
C:\Windows\System32\windows.storage.dll
Image Base: 0x74d40000  Image Size: 0x005fc000
File Size:  6309040     File Time:  2019-04-12_182326
Version:
   Company:    Microsoft Corporation
   Product:    Microsoft® Windows® Operating System
   FileDesc:   Microsoft WinRT Storage API
   FileVer:    10.0.17763.404
   ProdVer:    10.0.17763.404

Module 61
C:\Windows\System32\clbcatq.dll
Image Base: 0x75340000  Image Size: 0x00081000
File Size:  515624      File Time:  2018-09-15_092906
Version:
   Company:    Microsoft Corporation
   Product:    Microsoft® Windows® Operating System
   FileDesc:   COM+ Configuration Catalog
   FileVer:    2001.12.10941.16384
   ProdVer:    10.0.17763.1

Module 62
C:\Windows\System32\imagehlp.dll
Image Base: 0x753d0000  Image Size: 0x00019000
File Size:  95488       File Time:  2018-09-15_092848
Version:
   Company:    Microsoft Corporation
   Product:    Microsoft® Windows® Operating System
   FileDesc:   Windows NT Image Helper
   FileVer:    10.0.17763.1
   ProdVer:    10.0.17763.1

Module 63
C:\Windows\System32\sechost.dll
Image Base: 0x753f0000  Image Size: 0x00079000
File Size:  492432      File Time:  2018-09-15_092902
Version:
   Company:    Microsoft Corporation
   Product:    Microsoft® Windows® Operating System
   FileDesc:   Host for SCM/SDDL/LSA Lookup APIs
   FileVer:    10.0.17763.1
   ProdVer:    10.0.17763.1

Module 64
C:\Windows\System32\combase.dll
Image Base: 0x75470000  Image Size: 0x00278000
File Size:  2592816     File Time:  2019-04-12_182312
Version:
   Company:    Microsoft Corporation
   Product:    Microsoft® Windows® Operating System
   FileDesc:   Microsoft COM for Windows
   FileVer:    10.0.17763.404
   ProdVer:    10.0.17763.404

Module 65
C:\Windows\System32\bcryptPrimitives.dll
Image Base: 0x756f0000  Image Size: 0x00062000
File Size:  398208      File Time:  2018-09-15_092848
Version:
   Company:    Microsoft Corporation
   Product:    Microsoft® Windows® Operating System
   FileDesc:   Windows Cryptographic Primitives Library
   FileVer:    10.0.17763.1
   ProdVer:    10.0.17763.1

Module 66
C:\Windows\System32\SETUPAPI.dll
Image Base: 0x75760000  Image Size: 0x0044b000
File Size:  4527624     File Time:  2019-04-12_182326
Version:
   Company:    Microsoft Corporation
   Product:    Microsoft® Windows® Operating System
   FileDesc:   Windows Setup API
   FileVer:    10.0.17763.404
   ProdVer:    10.0.17763.404

Module 67
C:\Windows\System32\MSCTF.dll
Image Base: 0x75bc0000  Image Size: 0x0013d000
File Size:  1296576     File Time:  2019-03-15_134720
Version:
   Company:    Microsoft Corporation
   Product:    Microsoft® Windows® Operating System
   FileDesc:   MSCTF Server DLL
   FileVer:    10.0.17763.348
   ProdVer:    10.0.17763.348

Module 68
C:\Windows\System32\bcrypt.dll
Image Base: 0x75d00000  Image Size: 0x00019000
File Size:  96760       File Time:  2018-09-15_092910
Version:
   Company:    Microsoft Corporation
   Product:    Microsoft® Windows® Operating System
   FileDesc:   Windows Cryptographic Primitives Library
   FileVer:    10.0.17763.1
   ProdVer:    10.0.17763.1

Module 69
C:\Windows\System32\profapi.dll
Image Base: 0x75d20000  Image Size: 0x0001c000
File Size:  106384      File Time:  2018-09-15_092900
Version:
   Company:    Microsoft Corporation
   Product:    Microsoft® Windows® Operating System
   FileDesc:   User Profile Basic API
   FileVer:    10.0.17763.1
   ProdVer:    10.0.17763.1

Module 70
C:\Windows\System32\GDI32.dll
Image Base: 0x75d40000  Image Size: 0x00023000
File Size:  138376      File Time:  2018-09-15_092904
Version:
   Company:    Microsoft Corporation
   Product:    Microsoft® Windows® Operating System
   FileDesc:   GDI Client DLL
   FileVer:    10.0.17763.1
   ProdVer:    10.0.17763.1

Module 71
C:\Windows\System32\SHELL32.dll
Image Base: 0x75ee0000  Image Size: 0x0054e000
File Size:  5588184     File Time:  2019-03-15_134756
Version:
   Company:    Microsoft Corporation
   Product:    Microsoft® Windows® Operating System
   FileDesc:   Windows Shell Common Dll
   FileVer:    10.0.17763.348
   ProdVer:    10.0.17763.348

Module 72
C:\Windows\System32\powrprof.dll
Image Base: 0x76430000  Image Size: 0x00054000
File Size:  341560      File Time:  2018-09-15_092910
Version:
   Company:    Microsoft Corporation
   Product:    Microsoft® Windows® Operating System
   FileDesc:   Power Profile Helper DLL
   FileVer:    10.0.17763.1
   ProdVer:    10.0.17763.1

Module 73
C:\Windows\System32\MSASN1.dll
Image Base: 0x76490000  Image Size: 0x0000e000
File Size:  50608       File Time:  2018-09-15_092908
Version:
   Company:    Microsoft Corporation
   Product:    Microsoft® Windows® Operating System
   FileDesc:   ASN.1 Runtime APIs
   FileVer:    10.0.17763.1
   ProdVer:    10.0.17763.1

Module 74
C:\Windows\System32\WINTRUST.DLL
Image Base: 0x764a0000  Image Size: 0x00045000
File Size:  279376      File Time:  2019-03-15_134754
Version:
   Company:    Microsoft Corporation
   Product:    Microsoft® Windows® Operating System
   FileDesc:   Microsoft Trust Verification APIs
   FileVer:    10.0.17763.348
   ProdVer:    10.0.17763.348

Module 75
C:\Windows\System32\USER32.dll
Image Base: 0x764f0000  Image Size: 0x00199000
File Size:  1675712     File Time:  2019-03-15_134756
Version:
   Company:    Microsoft Corporation
   Product:    Microsoft® Windows® Operating System
   FileDesc:   Multi-User Windows USER API Client DLL
   FileVer:    10.0.17763.168
   ProdVer:    10.0.17763.168

Module 76
C:\Windows\System32\WS2_32.dll
Image Base: 0x76690000  Image Size: 0x0005f000
File Size:  384272      File Time:  2018-09-15_092902
Version:
   Company:    Microsoft Corporation
   Product:    Microsoft® Windows® Operating System
   FileDesc:   Windows Socket 2.0 32-Bit DLL
   FileVer:    10.0.17763.1
   ProdVer:    10.0.17763.1

Module 77
C:\Windows\System32\cryptsp.dll
Image Base: 0x766f0000  Image Size: 0x00012000
File Size:  67648       File Time:  2018-09-15_092910
Version:
   Company:    Microsoft Corporation
   Product:    Microsoft® Windows® Operating System
   FileDesc:   Cryptographic Service Provider API
   FileVer:    10.0.17763.1
   ProdVer:    10.0.17763.1

Module 78
C:\Windows\System32\IMM32.dll
Image Base: 0x76710000  Image Size: 0x00025000
File Size:  144312      File Time:  2018-09-15_092908
Version:
   Company:    Microsoft Corporation
   Product:    Microsoft® Windows® Operating System
   FileDesc:   Multi-User Windows IMM32 API Client DLL
   FileVer:    10.0.17763.1
   ProdVer:    10.0.17763.1

Module 79
C:\Windows\System32\ole32.dll
Image Base: 0x76740000  Image Size: 0x000fc000
File Size:  1026792     File Time:  2019-04-12_182326
Version:
   Company:    Microsoft Corporation
   Product:    Microsoft® Windows® Operating System
   FileDesc:   Microsoft OLE for Windows
   FileVer:    10.0.17763.404
   ProdVer:    10.0.17763.404

Module 80
C:\Windows\System32\PSAPI.DLL
Image Base: 0x76840000  Image Size: 0x00006000
File Size:  17208       File Time:  2018-09-15_092908
Version:
   Company:    Microsoft Corporation
   Product:    Microsoft® Windows® Operating System
   FileDesc:   Process Status Helper
   FileVer:    10.0.17763.1
   ProdVer:    10.0.17763.1

Module 81
C:\Windows\System32\msvcrt.dll
Image Base: 0x768b0000  Image Size: 0x000c0000
File Size:  779376      File Time:  2018-09-15_092902
Version:
   Company:    Microsoft Corporation
   Product:    Microsoft® Windows® Operating System
   FileDesc:   Windows NT CRT DLL
   FileVer:    7.0.17763.1
   ProdVer:    10.0.17763.1

Module 82
C:\Windows\System32\msvcp_win.dll
Image Base: 0x76970000  Image Size: 0x00080000
File Size:  516496      File Time:  2018-09-15_092910
Version:
   Company:    Microsoft Corporation
   Product:    Microsoft® Windows® Operating System
   FileDesc:   Microsoft® C Runtime Library
   FileVer:    10.0.17763.1
   ProdVer:    10.0.17763.1

Module 83
C:\Windows\System32\KERNELBASE.dll
Image Base: 0x769f0000  Image Size: 0x001fa000
File Size:  2073960     File Time:  2019-04-12_182320
Version:
   Company:    Microsoft Corporation
   Product:    Microsoft® Windows® Operating System
   FileDesc:   Windows NT BASE API Client DLL
   FileVer:    10.0.17763.404
   ProdVer:    10.0.17763.404

Module 84
C:\Windows\System32\cfgmgr32.dll
Image Base: 0x76bf0000  Image Size: 0x0003b000
File Size:  235496      File Time:  2018-09-15_092910
Version:
   Company:    Microsoft Corporation
   Product:    Microsoft® Windows® Operating System
   FileDesc:   Configuration Manager DLL
   FileVer:    10.0.17763.1
   ProdVer:    10.0.17763.1

Module 85
C:\Windows\System32\NSI.dll
Image Base: 0x76c90000  Image Size: 0x00007000
File Size:  20144       File Time:  2018-09-15_092846
Version:
   Company:    Microsoft Corporation
   Product:    Microsoft® Windows® Operating System
   FileDesc:   NSI User-mode interface DLL
   FileVer:    10.0.17763.1
   ProdVer:    10.0.17763.1

Module 86
C:\Windows\System32\kernel.appcore.dll
Image Base: 0x76da0000  Image Size: 0x0000f000
File Size:  51336       File Time:  2018-09-15_092906
Version:
   Company:    Microsoft Corporation
   Product:    Microsoft® Windows® Operating System
   FileDesc:   AppModel API Host
   FileVer:    10.0.17763.1
   ProdVer:    10.0.17763.1

Module 87
C:\Windows\System32\KERNEL32.DLL
Image Base: 0x76db0000  Image Size: 0x000e0000
File Size:  649064      File Time:  2019-04-12_182324
Version:
   Company:    Microsoft Corporation
   Product:    Microsoft® Windows® Operating System
   FileDesc:   Windows NT BASE API Client DLL
   FileVer:    10.0.17763.437
   ProdVer:    10.0.17763.437

Module 88
C:\Windows\System32\gdi32full.dll
Image Base: 0x76e90000  Image Size: 0x00167000
File Size:  1467344     File Time:  2019-04-12_182326
Version:
   Company:    Microsoft Corporation
   Product:    Microsoft® Windows® Operating System
   FileDesc:   GDI Client DLL
   FileVer:    10.0.17763.437
   ProdVer:    10.0.17763.437

Module 89
C:\Windows\System32\win32u.dll
Image Base: 0x77000000  Image Size: 0x00017000
File Size:  88304       File Time:  2018-09-15_092906
Version:
   Company:    Microsoft Corporation
   Product:    Microsoft® Windows® Operating System
   FileDesc:   Win32u
   FileVer:    10.0.17763.1
   ProdVer:    10.0.17763.1

Module 90
C:\Windows\System32\ucrtbase.dll
Image Base: 0x77020000  Image Size: 0x00122000
File Size:  1191728     File Time:  2019-04-12_182312
Version:
   Company:    Microsoft Corporation
   Product:    Microsoft® Windows® Operating System
   FileDesc:   Microsoft® C Runtime Library
   FileVer:    10.0.17763.404
   ProdVer:    10.0.17763.404

Module 91
C:\Windows\System32\RPCRT4.dll
Image Base: 0x77150000  Image Size: 0x000bf000
File Size:  782968      File Time:  2019-03-15_134752
Version:
   Company:    Microsoft Corporation
   Product:    Microsoft® Windows® Operating System
   FileDesc:   Remote Procedure Call Runtime
   FileVer:    10.0.17763.379
   ProdVer:    10.0.17763.379

Module 92
C:\Windows\SYSTEM32\ntdll.dll
Image Base: 0x77220000  Image Size: 0x0019c000
File Size:  1674480     File Time:  2019-04-12_182324
Version:
   Company:    Microsoft Corporation
   Product:    Microsoft® Windows® Operating System
   FileDesc:   NT Layer DLL
   FileVer:    10.0.17763.404
   ProdVer:    10.0.17763.404


== [end of error.log] ==
